<?xml version="1.0" encoding="UTF-8"?>
<!-- Generated by org.testng.reporters.JUnitXMLReporter -->
<testsuite hostname="DESKTOP-6ML3S9P" ignored="1" name="API DEMO" tests="3" failures="0" timestamp="28 Jan 2021 18:36:07 GMT" time="8.36" errors="0">
  <testcase name="part1Create" time="6.736" classname="RestAssuredPratice.RestAssuredPra.IntegrationTestDemo"/>
  <testcase name="PojoPost" time="0.624" classname="RestAssuredPratice.RestAssuredPra.PostRequest1"/>
  <testcase name="demoSerial" time="0.852" classname="RestAssuredPratice.RestAssuredPra.SerialisationDemo"/>
  <testcase name="SimplePost" time="0.0" classname="RestAssuredPratice.RestAssuredPra.PostRequest1">
    <ignored/>
  </testcase> <!-- SimplePost -->
</testsuite> <!-- API DEMO -->
