<?xml version="1.0" encoding="UTF-8"?>
<!-- Generated by org.testng.reporters.JUnitXMLReporter -->
<testsuite hostname="DESKTOP-6ML3S9P" ignored="1" name="API DEMO" tests="3" failures="0" timestamp="2021-01-27T23:40:07 IST" time="8.598" errors="0">
  <testcase name="part1Create" time="6.927" classname="RestAssuredPratice.RestAssuredPra.IntegrationTestDemo"/>
  <testcase name="PojoPost" time="0.515" classname="RestAssuredPratice.RestAssuredPra.PostRequest1"/>
  <testcase name="demoSerial" time="0.859" classname="RestAssuredPratice.RestAssuredPra.SerialisationDemo"/>
  <testcase name="SimplePost" time="0.0" classname="RestAssuredPratice.RestAssuredPra.PostRequest1">
    <ignored/>
  </testcase> <!-- SimplePost -->
</testsuite> <!-- API DEMO -->
