<?xml version="1.0" encoding="UTF-8"?>
<testng-results skipped="0" failed="0" ignored="1" total="4" passed="3">
  <reporter-output>
  </reporter-output>
  <suite name="Regression Suit" duration-ms="8360" started-at="2021-01-28T18:35:58Z" finished-at="2021-01-28T18:36:07Z">
    <groups>
    </groups>
    <test name="API DEMO" duration-ms="8360" started-at="2021-01-28T18:35:58Z" finished-at="2021-01-28T18:36:07Z">
      <class name="RestAssuredPratice.RestAssuredPra.IntegrationTestDemo">
        <test-method status="PASS" signature="part1Create()[pri:0, instance:RestAssuredPratice.RestAssuredPra.IntegrationTestDemo@2ce6c6ec]" name="part1Create" duration-ms="6736" started-at="2021-01-29T00:05:58Z" finished-at="2021-01-29T00:06:05Z">
          <reporter-output>
          </reporter-output>
        </test-method> <!-- part1Create -->
      </class> <!-- RestAssuredPratice.RestAssuredPra.IntegrationTestDemo -->
      <class name="RestAssuredPratice.RestAssuredPra.PostRequest1">
        <test-method status="PASS" signature="PojoPost()[pri:0, instance:RestAssuredPratice.RestAssuredPra.PostRequest1@6676f6a0]" name="PojoPost" duration-ms="624" started-at="2021-01-29T00:06:05Z" finished-at="2021-01-29T00:06:06Z">
          <reporter-output>
          </reporter-output>
        </test-method> <!-- PojoPost -->
      </class> <!-- RestAssuredPratice.RestAssuredPra.PostRequest1 -->
      <class name="RestAssuredPratice.RestAssuredPra.SerialisationDemo">
        <test-method status="PASS" signature="demoSerial()[pri:0, instance:RestAssuredPratice.RestAssuredPra.SerialisationDemo@7cbd9d24]" name="demoSerial" duration-ms="852" started-at="2021-01-29T00:06:06Z" finished-at="2021-01-29T00:06:07Z">
          <reporter-output>
          </reporter-output>
        </test-method> <!-- demoSerial -->
      </class> <!-- RestAssuredPratice.RestAssuredPra.SerialisationDemo -->
    </test> <!-- API DEMO -->
  </suite> <!-- Regression Suit -->
</testng-results>
